#! /c/Source/iverilog-install/bin/vvp
:ivl_version "12.0 (devel)" "(s20150603-1539-g2693dd32b)";
:ivl_delay_selection "TYPICAL";
:vpi_time_precision - 12;
:vpi_module "C:\iverilog\lib\ivl\system.vpi";
:vpi_module "C:\iverilog\lib\ivl\vhdl_sys.vpi";
:vpi_module "C:\iverilog\lib\ivl\vhdl_textio.vpi";
:vpi_module "C:\iverilog\lib\ivl\v2005_math.vpi";
:vpi_module "C:\iverilog\lib\ivl\va_math.vpi";
:vpi_module "C:\iverilog\lib\ivl\v2009.vpi";
S_0000020a47b2cd00 .scope package, "$unit" "$unit" 2 1;
 .timescale 0 0;
S_0000020a47b2ce90 .scope module, "tb_top" "tb_top" 3 3;
 .timescale -9 -12;
v0000020a47bd9360_0 .net "alu_result_bcd", 15 0, L_0000020a47b578a0;  1 drivers
v0000020a47bd9b80_0 .var "clk", 0 0;
v0000020a47bd8e60_0 .net "f_OF", 0 0, L_0000020a47b57910;  1 drivers
v0000020a47bd8aa0_0 .net "f_sig_res", 0 0, L_0000020a47b57980;  1 drivers
v0000020a47bd9a40_0 .var "is_num", 0 0;
v0000020a47bd9900_0 .var "is_op1", 0 0;
v0000020a47bd9540_0 .var "is_op2", 0 0;
v0000020a47bd8820_0 .var "num_val", 3 0;
v0000020a47bd8280_0 .net "op1_bin", 15 0, L_0000020a47c37950;  1 drivers
v0000020a47bd9ae0_0 .net "op2_bin", 15 0, L_0000020a47c37630;  1 drivers
v0000020a47bd9c20_0 .var "op_val", 3 0;
v0000020a47bd95e0_0 .var "rst_n", 0 0;
v0000020a47bd8f00_0 .var "save", 0 0;
S_0000020a47b385e0 .scope module, "uut" "top" 3 23, 4 1 0, S_0000020a47b2ce90;
 .timescale 0 0;
    .port_info 0 /INPUT 1 "clk";
    .port_info 1 /INPUT 1 "rst_n";
    .port_info 2 /INPUT 1 "is_num";
    .port_info 3 /INPUT 1 "is_op1";
    .port_info 4 /INPUT 1 "is_op2";
    .port_info 5 /INPUT 4 "num_val";
    .port_info 6 /INPUT 4 "op_val";
    .port_info 7 /INPUT 1 "save";
    .port_info 8 /OUTPUT 16 "op1_bin";
    .port_info 9 /OUTPUT 16 "op2_bin";
    .port_info 10 /OUTPUT 16 "alu_result_bcd";
    .port_info 11 /OUTPUT 1 "f_OF";
    .port_info 12 /OUTPUT 1 "f_sig_res";
L_0000020a47b578a0 .functor BUFZ 16, L_0000020a47b57590, C4<0000000000000000>, C4<0000000000000000>, C4<0000000000000000>;
L_0000020a47b57910 .functor BUFZ 1, v0000020a47bd0380_0, C4<0>, C4<0>, C4<0>;
L_0000020a47b57980 .functor BUFZ 1, v0000020a47bd0920_0, C4<0>, C4<0>, C4<0>;
L_0000020a47bdadb0 .functor BUFT 1, C4<00>, C4<0>, C4<0>, C4<0>;
v0000020a47bd7b70_0 .net/2u *"_ivl_12", 1 0, L_0000020a47bdadb0;  1 drivers
L_0000020a47bdad20 .functor BUFT 1, C4<1101>, C4<0>, C4<0>, C4<0>;
v0000020a47bd7490_0 .net/2u *"_ivl_4", 3 0, L_0000020a47bdad20;  1 drivers
L_0000020a47bdad68 .functor BUFT 1, C4<00>, C4<0>, C4<0>, C4<0>;
v0000020a47bd6310_0 .net/2u *"_ivl_8", 1 0, L_0000020a47bdad68;  1 drivers
v0000020a47bd63b0_0 .net "alu_result_bcd", 15 0, L_0000020a47b578a0;  alias, 1 drivers
v0000020a47bd70d0_0 .net "clk", 0 0, v0000020a47bd9b80_0;  1 drivers
v0000020a47bd6770_0 .net "f_OF", 0 0, L_0000020a47b57910;  alias, 1 drivers
v0000020a47bd75d0_0 .net "f_OF_alu", 0 0, v0000020a47bd0380_0;  1 drivers
v0000020a47bd66d0_0 .net "f_sig_res", 0 0, L_0000020a47b57980;  alias, 1 drivers
v0000020a47bd7170_0 .net "f_sig_res_alu", 0 0, v0000020a47bd0920_0;  1 drivers
v0000020a47bd6450_0 .net "is_num", 0 0, v0000020a47bd9a40_0;  1 drivers
v0000020a47bd73f0_0 .net "is_op1", 0 0, v0000020a47bd9900_0;  1 drivers
v0000020a47bd7a30_0 .net "is_op2", 0 0, v0000020a47bd9540_0;  1 drivers
v0000020a47bd64f0_0 .net "num_val", 3 0, v0000020a47bd8820_0;  1 drivers
v0000020a47bd7670_0 .net "op1_bcd", 15 0, L_0000020a47bd97c0;  1 drivers
v0000020a47bd6590_0 .net "op1_bin", 15 0, L_0000020a47c37950;  alias, 1 drivers
v0000020a47bd7990_0 .net "op1_bin_14", 13 0, L_0000020a47c32fd0;  1 drivers
v0000020a47bd6630_0 .net "op1_d0", 3 0, v0000020a47bd52a0_0;  1 drivers
v0000020a47bd8a00_0 .net "op1_d1", 3 0, v0000020a47bd7530_0;  1 drivers
v0000020a47bd9400_0 .net "op1_d2", 3 0, v0000020a47bd77b0_0;  1 drivers
v0000020a47bd94a0_0 .net "op1_d3", 3 0, v0000020a47bd6810_0;  1 drivers
v0000020a47bd9ea0_0 .net "op2_bcd", 15 0, L_0000020a47bd9cc0;  1 drivers
v0000020a47bd8dc0_0 .net "op2_bin", 15 0, L_0000020a47c37630;  alias, 1 drivers
v0000020a47bd8460_0 .net "op2_bin_14", 13 0, L_0000020a47c37090;  1 drivers
v0000020a47bd99a0_0 .net "op2_d0", 3 0, v0000020a47bd7210_0;  1 drivers
v0000020a47bd9220_0 .net "op2_d1", 3 0, v0000020a47bd6e50_0;  1 drivers
v0000020a47bd9040_0 .net "op2_d2", 3 0, v0000020a47bd7e90_0;  1 drivers
v0000020a47bd8640_0 .net "op2_d3", 3 0, v0000020a47bd6ef0_0;  1 drivers
v0000020a47bd9fe0_0 .net "op_val", 3 0, v0000020a47bd9c20_0;  1 drivers
v0000020a47bd86e0_0 .net "res_bcd", 15 0, L_0000020a47b57590;  1 drivers
v0000020a47bd90e0_0 .net "res_d0", 3 0, v0000020a47bd7cb0_0;  1 drivers
v0000020a47bd9720_0 .net "res_d1", 3 0, v0000020a47bd7df0_0;  1 drivers
v0000020a47bd8140_0 .net "res_d2", 3 0, v0000020a47bd61d0_0;  1 drivers
v0000020a47bd8780_0 .net "res_d3", 3 0, v0000020a47bd7ad0_0;  1 drivers
v0000020a47bd9e00_0 .net "res_resta_bin", 13 0, v0000020a47bd1780_0;  1 drivers
v0000020a47bd9f40_0 .net "res_suma_bin", 13 0, v0000020a47bd13c0_0;  1 drivers
v0000020a47bd9180_0 .net "rst_n", 0 0, v0000020a47bd95e0_0;  1 drivers
v0000020a47bd8960_0 .net "save", 0 0, v0000020a47bd8f00_0;  1 drivers
L_0000020a47bd97c0 .concat [ 4 4 4 4], v0000020a47bd52a0_0, v0000020a47bd7530_0, v0000020a47bd77b0_0, v0000020a47bd6810_0;
L_0000020a47bd9cc0 .concat [ 4 4 4 4], v0000020a47bd7210_0, v0000020a47bd6e50_0, v0000020a47bd7e90_0, v0000020a47bd6ef0_0;
L_0000020a47c369b0 .cmp/eq 4, v0000020a47bd9c20_0, L_0000020a47bdad20;
L_0000020a47c37950 .concat [ 14 2 0 0], L_0000020a47c32fd0, L_0000020a47bdad68;
L_0000020a47c37630 .concat [ 14 2 0 0], L_0000020a47c37090, L_0000020a47bdadb0;
S_0000020a47b38770 .scope module, "alu_inst" "alu_core" 4 43, 5 1 0, S_0000020a47b385e0;
 .timescale 0 0;
    .port_info 0 /INPUT 14 "op1";
    .port_info 1 /INPUT 14 "op2";
    .port_info 2 /INPUT 4 "op_val";
    .port_info 3 /OUTPUT 14 "res_suma";
    .port_info 4 /OUTPUT 14 "res_resta";
    .port_info 5 /OUTPUT 1 "f_OF";
    .port_info 6 /OUTPUT 1 "f_sig_res";
P_0000020a47b5bf80 .param/l "MAX_DECIMAL" 1 5 13, C4<10011100001111>;
L_0000020a47bdabb8 .functor BUFT 1, C4<0>, C4<0>, C4<0>, C4<0>;
v0000020a47b54690_0 .net/2u *"_ivl_0", 0 0, L_0000020a47bdabb8;  1 drivers
L_0000020a47bdac48 .functor BUFT 1, C4<0>, C4<0>, C4<0>, C4<0>;
v0000020a47b53330_0 .net/2u *"_ivl_10", 0 0, L_0000020a47bdac48;  1 drivers
v0000020a47b54910_0 .net *"_ivl_12", 14 0, L_0000020a47c374f0;  1 drivers
L_0000020a47bdac90 .functor BUFT 1, C4<0>, C4<0>, C4<0>, C4<0>;
v0000020a47b54b90_0 .net/2u *"_ivl_14", 0 0, L_0000020a47bdac90;  1 drivers
v0000020a47b53510_0 .net *"_ivl_16", 14 0, L_0000020a47c37bd0;  1 drivers
v0000020a47bd1fa0_0 .net *"_ivl_2", 14 0, L_0000020a47c376d0;  1 drivers
L_0000020a47bdac00 .functor BUFT 1, C4<0>, C4<0>, C4<0>, C4<0>;
v0000020a47bd0f60_0 .net/2u *"_ivl_4", 0 0, L_0000020a47bdac00;  1 drivers
v0000020a47bd15a0_0 .net *"_ivl_6", 14 0, L_0000020a47c36d70;  1 drivers
v0000020a47bd0380_0 .var "f_OF", 0 0;
v0000020a47bd0920_0 .var "f_sig_res", 0 0;
v0000020a47bd0100_0 .net "op1", 13 0, L_0000020a47c32fd0;  alias, 1 drivers
v0000020a47bd0420_0 .net "op2", 13 0, L_0000020a47c37090;  alias, 1 drivers
v0000020a47bd18c0_0 .net "op_val", 3 0, v0000020a47bd9c20_0;  alias, 1 drivers
v0000020a47bd1780_0 .var "res_resta", 13 0;
v0000020a47bd13c0_0 .var "res_suma", 13 0;
v0000020a47bd04c0_0 .net "sub_ext", 14 0, L_0000020a47c36c30;  1 drivers
v0000020a47bd01a0_0 .net "sum_ext", 14 0, L_0000020a47c37d10;  1 drivers
E_0000020a47b58680 .event anyedge, v0000020a47bd01a0_0, v0000020a47bd04c0_0;
L_0000020a47c376d0 .concat [ 14 1 0 0], L_0000020a47c32fd0, L_0000020a47bdabb8;
L_0000020a47c36d70 .concat [ 14 1 0 0], L_0000020a47c37090, L_0000020a47bdac00;
L_0000020a47c37d10 .arith/sum 15, L_0000020a47c376d0, L_0000020a47c36d70;
L_0000020a47c374f0 .concat [ 14 1 0 0], L_0000020a47c32fd0, L_0000020a47bdac48;
L_0000020a47c37bd0 .concat [ 14 1 0 0], L_0000020a47c37090, L_0000020a47bdac90;
L_0000020a47c36c30 .arith/sub 15, L_0000020a47c374f0, L_0000020a47c37bd0;
S_0000020a47b271f0 .scope module, "conv_op1" "BCD_bn" 4 29, 6 13 0, S_0000020a47b385e0;
 .timescale 0 0;
    .port_info 0 /INPUT 16 "num_BCD";
    .port_info 1 /OUTPUT 14 "num_bin";
v0000020a47bd11e0_0 .net *"_ivl_10", 13 0, L_0000020a47bd9680;  1 drivers
v0000020a47bd1000_0 .net *"_ivl_102", 13 0, L_0000020a47c32210;  1 drivers
v0000020a47bd09c0_0 .net *"_ivl_104", 10 0, L_0000020a47c33930;  1 drivers
L_0000020a47bda588 .functor BUFT 1, C4<000>, C4<0>, C4<0>, C4<0>;
v0000020a47bd1e60_0 .net *"_ivl_106", 2 0, L_0000020a47bda588;  1 drivers
v0000020a47bd1f00_0 .net *"_ivl_108", 13 0, L_0000020a47c33bb0;  1 drivers
v0000020a47bd0c40_0 .net *"_ivl_110", 12 0, L_0000020a47c32b70;  1 drivers
L_0000020a47bda5d0 .functor BUFT 1, C4<0>, C4<0>, C4<0>, C4<0>;
v0000020a47bd1aa0_0 .net *"_ivl_112", 0 0, L_0000020a47bda5d0;  1 drivers
L_0000020a47bda618 .functor BUFT 1, C4<0000000000>, C4<0>, C4<0>, C4<0>;
v0000020a47bd1b40_0 .net/2u *"_ivl_116", 9 0, L_0000020a47bda618;  1 drivers
v0000020a47bd0a60_0 .net *"_ivl_118", 13 0, L_0000020a47c337f0;  1 drivers
v0000020a47bd1500_0 .net *"_ivl_12", 13 0, L_0000020a47bd83c0;  1 drivers
v0000020a47bd0560_0 .net *"_ivl_120", 13 0, L_0000020a47c331b0;  1 drivers
v0000020a47bd0240_0 .net *"_ivl_122", 13 0, L_0000020a47c325d0;  1 drivers
v0000020a47bd02e0_0 .net *"_ivl_14", 10 0, L_0000020a47bd9860;  1 drivers
L_0000020a47bda150 .functor BUFT 1, C4<000>, C4<0>, C4<0>, C4<0>;
v0000020a47bd1820_0 .net *"_ivl_16", 2 0, L_0000020a47bda150;  1 drivers
L_0000020a47bda198 .functor BUFT 1, C4<0000000000>, C4<0>, C4<0>, C4<0>;
v0000020a47bd0ba0_0 .net/2u *"_ivl_18", 9 0, L_0000020a47bda198;  1 drivers
v0000020a47bd0600_0 .net *"_ivl_20", 13 0, L_0000020a47bd8500;  1 drivers
v0000020a47bd1a00_0 .net *"_ivl_22", 13 0, L_0000020a47bd8b40;  1 drivers
v0000020a47bd06a0_0 .net *"_ivl_24", 12 0, L_0000020a47bd85a0;  1 drivers
L_0000020a47bda1e0 .functor BUFT 1, C4<0>, C4<0>, C4<0>, C4<0>;
v0000020a47bd16e0_0 .net *"_ivl_26", 0 0, L_0000020a47bda1e0;  1 drivers
L_0000020a47bda228 .functor BUFT 1, C4<0000000000>, C4<0>, C4<0>, C4<0>;
v0000020a47bd0740_0 .net/2u *"_ivl_30", 9 0, L_0000020a47bda228;  1 drivers
v0000020a47bd1be0_0 .net *"_ivl_32", 13 0, L_0000020a47bd8be0;  1 drivers
v0000020a47bd10a0_0 .net *"_ivl_34", 13 0, L_0000020a47bd8d20;  1 drivers
v0000020a47bd1460_0 .net *"_ivl_36", 10 0, L_0000020a47bd8c80;  1 drivers
L_0000020a47bda270 .functor BUFT 1, C4<000>, C4<0>, C4<0>, C4<0>;
v0000020a47bd07e0_0 .net *"_ivl_38", 2 0, L_0000020a47bda270;  1 drivers
L_0000020a47bda2b8 .functor BUFT 1, C4<0000000000>, C4<0>, C4<0>, C4<0>;
v0000020a47bd1dc0_0 .net/2u *"_ivl_40", 9 0, L_0000020a47bda2b8;  1 drivers
v0000020a47bd0880_0 .net *"_ivl_42", 13 0, L_0000020a47bd8fa0;  1 drivers
v0000020a47bd0b00_0 .net *"_ivl_44", 13 0, L_0000020a47c336b0;  1 drivers
v0000020a47bd1c80_0 .net *"_ivl_46", 12 0, L_0000020a47c33390;  1 drivers
L_0000020a47bda300 .functor BUFT 1, C4<0>, C4<0>, C4<0>, C4<0>;
v0000020a47bd0ce0_0 .net *"_ivl_48", 0 0, L_0000020a47bda300;  1 drivers
v0000020a47bd1320_0 .net *"_ivl_52", 13 0, L_0000020a47c33b10;  1 drivers
v0000020a47bd0d80_0 .net *"_ivl_54", 10 0, L_0000020a47c33250;  1 drivers
L_0000020a47bda348 .functor BUFT 1, C4<000>, C4<0>, C4<0>, C4<0>;
v0000020a47bd0e20_0 .net *"_ivl_56", 2 0, L_0000020a47bda348;  1 drivers
v0000020a47bd1960_0 .net *"_ivl_58", 13 0, L_0000020a47c33070;  1 drivers
v0000020a47bd0ec0_0 .net *"_ivl_60", 12 0, L_0000020a47c332f0;  1 drivers
L_0000020a47bda390 .functor BUFT 1, C4<0>, C4<0>, C4<0>, C4<0>;
v0000020a47bd1640_0 .net *"_ivl_62", 0 0, L_0000020a47bda390;  1 drivers
L_0000020a47bda3d8 .functor BUFT 1, C4<0000000000>, C4<0>, C4<0>, C4<0>;
v0000020a47bd1140_0 .net/2u *"_ivl_66", 9 0, L_0000020a47bda3d8;  1 drivers
v0000020a47bd1280_0 .net *"_ivl_68", 13 0, L_0000020a47c339d0;  1 drivers
v0000020a47bd1d20_0 .net *"_ivl_70", 13 0, L_0000020a47c328f0;  1 drivers
v0000020a47bd2b10_0 .net *"_ivl_72", 10 0, L_0000020a47c32e90;  1 drivers
L_0000020a47bda420 .functor BUFT 1, C4<000>, C4<0>, C4<0>, C4<0>;
v0000020a47bd3e70_0 .net *"_ivl_74", 2 0, L_0000020a47bda420;  1 drivers
L_0000020a47bda468 .functor BUFT 1, C4<0000000000>, C4<0>, C4<0>, C4<0>;
v0000020a47bd3150_0 .net/2u *"_ivl_76", 9 0, L_0000020a47bda468;  1 drivers
v0000020a47bd2570_0 .net *"_ivl_78", 13 0, L_0000020a47c33f70;  1 drivers
L_0000020a47bda108 .functor BUFT 1, C4<0000000000>, C4<0>, C4<0>, C4<0>;
v0000020a47bd3b50_0 .net/2u *"_ivl_8", 9 0, L_0000020a47bda108;  1 drivers
v0000020a47bd2930_0 .net *"_ivl_80", 13 0, L_0000020a47c33a70;  1 drivers
v0000020a47bd2110_0 .net *"_ivl_82", 12 0, L_0000020a47c33110;  1 drivers
L_0000020a47bda4b0 .functor BUFT 1, C4<0>, C4<0>, C4<0>, C4<0>;
v0000020a47bd26b0_0 .net *"_ivl_84", 0 0, L_0000020a47bda4b0;  1 drivers
v0000020a47bd2250_0 .net *"_ivl_88", 13 0, L_0000020a47c33610;  1 drivers
v0000020a47bd3330_0 .net *"_ivl_90", 10 0, L_0000020a47c33430;  1 drivers
L_0000020a47bda4f8 .functor BUFT 1, C4<000>, C4<0>, C4<0>, C4<0>;
v0000020a47bd35b0_0 .net *"_ivl_92", 2 0, L_0000020a47bda4f8;  1 drivers
v0000020a47bd3f10_0 .net *"_ivl_94", 13 0, L_0000020a47c33750;  1 drivers
v0000020a47bd33d0_0 .net *"_ivl_96", 12 0, L_0000020a47c33cf0;  1 drivers
L_0000020a47bda540 .functor BUFT 1, C4<0>, C4<0>, C4<0>, C4<0>;
v0000020a47bd21b0_0 .net *"_ivl_98", 0 0, L_0000020a47bda540;  1 drivers
v0000020a47bd31f0_0 .net "centenas", 3 0, L_0000020a47bd9d60;  1 drivers
v0000020a47bd3bf0_0 .net "decenas", 3 0, L_0000020a47bd81e0;  1 drivers
v0000020a47bd3290_0 .net "miles", 3 0, L_0000020a47bd8320;  1 drivers
v0000020a47bd3c90_0 .net "mult_10", 13 0, L_0000020a47bd92c0;  1 drivers
v0000020a47bd29d0_0 .net "mult_100", 13 0, L_0000020a47c32490;  1 drivers
v0000020a47bd3970_0 .net "mult_1000", 13 0, L_0000020a47c32df0;  1 drivers
v0000020a47bd27f0_0 .net "num_BCD", 15 0, L_0000020a47bd97c0;  alias, 1 drivers
v0000020a47bd22f0_0 .net "num_bin", 13 0, L_0000020a47c32fd0;  alias, 1 drivers
v0000020a47bd2890_0 .net "temp_centenas", 13 0, L_0000020a47c334d0;  1 drivers
v0000020a47bd2750_0 .net "temp_miles1", 13 0, L_0000020a47c33570;  1 drivers
v0000020a47bd3d30_0 .net "temp_miles2", 13 0, L_0000020a47c32f30;  1 drivers
v0000020a47bd2bb0_0 .net "unidades", 3 0, L_0000020a47bd88c0;  1 drivers
L_0000020a47bd88c0 .part L_0000020a47bd97c0, 0, 4;
L_0000020a47bd81e0 .part L_0000020a47bd97c0, 4, 4;
L_0000020a47bd9d60 .part L_0000020a47bd97c0, 8, 4;
L_0000020a47bd8320 .part L_0000020a47bd97c0, 12, 4;
L_0000020a47bd9680 .concat [ 4 10 0 0], L_0000020a47bd81e0, L_0000020a47bda108;
L_0000020a47bd9860 .part L_0000020a47bd9680, 0, 11;
L_0000020a47bd83c0 .concat [ 3 11 0 0], L_0000020a47bda150, L_0000020a47bd9860;
L_0000020a47bd8500 .concat [ 4 10 0 0], L_0000020a47bd81e0, L_0000020a47bda198;
L_0000020a47bd85a0 .part L_0000020a47bd8500, 0, 13;
L_0000020a47bd8b40 .concat [ 1 13 0 0], L_0000020a47bda1e0, L_0000020a47bd85a0;
L_0000020a47bd92c0 .arith/sum 14, L_0000020a47bd83c0, L_0000020a47bd8b40;
L_0000020a47bd8be0 .concat [ 4 10 0 0], L_0000020a47bd9d60, L_0000020a47bda228;
L_0000020a47bd8c80 .part L_0000020a47bd8be0, 0, 11;
L_0000020a47bd8d20 .concat [ 3 11 0 0], L_0000020a47bda270, L_0000020a47bd8c80;
L_0000020a47bd8fa0 .concat [ 4 10 0 0], L_0000020a47bd9d60, L_0000020a47bda2b8;
L_0000020a47c33390 .part L_0000020a47bd8fa0, 0, 13;
L_0000020a47c336b0 .concat [ 1 13 0 0], L_0000020a47bda300, L_0000020a47c33390;
L_0000020a47c334d0 .arith/sum 14, L_0000020a47bd8d20, L_0000020a47c336b0;
L_0000020a47c33250 .part L_0000020a47c334d0, 0, 11;
L_0000020a47c33b10 .concat [ 3 11 0 0], L_0000020a47bda348, L_0000020a47c33250;
L_0000020a47c332f0 .part L_0000020a47c334d0, 0, 13;
L_0000020a47c33070 .concat [ 1 13 0 0], L_0000020a47bda390, L_0000020a47c332f0;
L_0000020a47c32490 .arith/sum 14, L_0000020a47c33b10, L_0000020a47c33070;
L_0000020a47c339d0 .concat [ 4 10 0 0], L_0000020a47bd8320, L_0000020a47bda3d8;
L_0000020a47c32e90 .part L_0000020a47c339d0, 0, 11;
L_0000020a47c328f0 .concat [ 3 11 0 0], L_0000020a47bda420, L_0000020a47c32e90;
L_0000020a47c33f70 .concat [ 4 10 0 0], L_0000020a47bd8320, L_0000020a47bda468;
L_0000020a47c33110 .part L_0000020a47c33f70, 0, 13;
L_0000020a47c33a70 .concat [ 1 13 0 0], L_0000020a47bda4b0, L_0000020a47c33110;
L_0000020a47c33570 .arith/sum 14, L_0000020a47c328f0, L_0000020a47c33a70;
L_0000020a47c33430 .part L_0000020a47c33570, 0, 11;
L_0000020a47c33610 .concat [ 3 11 0 0], L_0000020a47bda4f8, L_0000020a47c33430;
L_0000020a47c33cf0 .part L_0000020a47c33570, 0, 13;
L_0000020a47c33750 .concat [ 1 13 0 0], L_0000020a47bda540, L_0000020a47c33cf0;
L_0000020a47c32f30 .arith/sum 14, L_0000020a47c33610, L_0000020a47c33750;
L_0000020a47c33930 .part L_0000020a47c32f30, 0, 11;
L_0000020a47c32210 .concat [ 3 11 0 0], L_0000020a47bda588, L_0000020a47c33930;
L_0000020a47c32b70 .part L_0000020a47c32f30, 0, 13;
L_0000020a47c33bb0 .concat [ 1 13 0 0], L_0000020a47bda5d0, L_0000020a47c32b70;
L_0000020a47c32df0 .arith/sum 14, L_0000020a47c32210, L_0000020a47c33bb0;
L_0000020a47c337f0 .concat [ 4 10 0 0], L_0000020a47bd88c0, L_0000020a47bda618;
L_0000020a47c331b0 .arith/sum 14, L_0000020a47c337f0, L_0000020a47bd92c0;
L_0000020a47c325d0 .arith/sum 14, L_0000020a47c331b0, L_0000020a47c32490;
L_0000020a47c32fd0 .arith/sum 14, L_0000020a47c325d0, L_0000020a47c32df0;
S_0000020a47b1c490 .scope module, "conv_op2" "BCD_bn" 4 34, 6 13 0, S_0000020a47b385e0;
 .timescale 0 0;
    .port_info 0 /INPUT 16 "num_BCD";
    .port_info 1 /OUTPUT 14 "num_bin";
v0000020a47bd3a10_0 .net *"_ivl_10", 13 0, L_0000020a47c33c50;  1 drivers
v0000020a47bd2a70_0 .net *"_ivl_102", 13 0, L_0000020a47c36af0;  1 drivers
v0000020a47bd2c50_0 .net *"_ivl_104", 10 0, L_0000020a47c365f0;  1 drivers
L_0000020a47bdaae0 .functor BUFT 1, C4<000>, C4<0>, C4<0>, C4<0>;
v0000020a47bd2cf0_0 .net *"_ivl_106", 2 0, L_0000020a47bdaae0;  1 drivers
v0000020a47bd2ed0_0 .net *"_ivl_108", 13 0, L_0000020a47c36550;  1 drivers
v0000020a47bd2d90_0 .net *"_ivl_110", 12 0, L_0000020a47c36730;  1 drivers
L_0000020a47bdab28 .functor BUFT 1, C4<0>, C4<0>, C4<0>, C4<0>;
v0000020a47bd2f70_0 .net *"_ivl_112", 0 0, L_0000020a47bdab28;  1 drivers
L_0000020a47bdab70 .functor BUFT 1, C4<0000000000>, C4<0>, C4<0>, C4<0>;
v0000020a47bd2390_0 .net/2u *"_ivl_116", 9 0, L_0000020a47bdab70;  1 drivers
v0000020a47bd3fb0_0 .net *"_ivl_118", 13 0, L_0000020a47c36ff0;  1 drivers
v0000020a47bd2e30_0 .net *"_ivl_12", 13 0, L_0000020a47c32990;  1 drivers
v0000020a47bd36f0_0 .net *"_ivl_120", 13 0, L_0000020a47c378b0;  1 drivers
v0000020a47bd3ab0_0 .net *"_ivl_122", 13 0, L_0000020a47c37a90;  1 drivers
v0000020a47bd3dd0_0 .net *"_ivl_14", 10 0, L_0000020a47c32670;  1 drivers
L_0000020a47bda6a8 .functor BUFT 1, C4<000>, C4<0>, C4<0>, C4<0>;
v0000020a47bd3010_0 .net *"_ivl_16", 2 0, L_0000020a47bda6a8;  1 drivers
L_0000020a47bda6f0 .functor BUFT 1, C4<0000000000>, C4<0>, C4<0>, C4<0>;
v0000020a47bd30b0_0 .net/2u *"_ivl_18", 9 0, L_0000020a47bda6f0;  1 drivers
v0000020a47bd3470_0 .net *"_ivl_20", 13 0, L_0000020a47c32710;  1 drivers
v0000020a47bd3510_0 .net *"_ivl_22", 13 0, L_0000020a47c32170;  1 drivers
v0000020a47bd3650_0 .net *"_ivl_24", 12 0, L_0000020a47c33d90;  1 drivers
L_0000020a47bda738 .functor BUFT 1, C4<0>, C4<0>, C4<0>, C4<0>;
v0000020a47bd3790_0 .net *"_ivl_26", 0 0, L_0000020a47bda738;  1 drivers
L_0000020a47bda780 .functor BUFT 1, C4<0000000000>, C4<0>, C4<0>, C4<0>;
v0000020a47bd2430_0 .net/2u *"_ivl_30", 9 0, L_0000020a47bda780;  1 drivers
v0000020a47bd3830_0 .net *"_ivl_32", 13 0, L_0000020a47c33e30;  1 drivers
v0000020a47bd24d0_0 .net *"_ivl_34", 13 0, L_0000020a47c323f0;  1 drivers
v0000020a47bd2610_0 .net *"_ivl_36", 10 0, L_0000020a47c33ed0;  1 drivers
L_0000020a47bda7c8 .functor BUFT 1, C4<000>, C4<0>, C4<0>, C4<0>;
v0000020a47bd38d0_0 .net *"_ivl_38", 2 0, L_0000020a47bda7c8;  1 drivers
L_0000020a47bda810 .functor BUFT 1, C4<0000000000>, C4<0>, C4<0>, C4<0>;
v0000020a47bd4d00_0 .net/2u *"_ivl_40", 9 0, L_0000020a47bda810;  1 drivers
v0000020a47bd55c0_0 .net *"_ivl_42", 13 0, L_0000020a47c32530;  1 drivers
v0000020a47bd53e0_0 .net *"_ivl_44", 13 0, L_0000020a47c32cb0;  1 drivers
v0000020a47bd5480_0 .net *"_ivl_46", 12 0, L_0000020a47c327b0;  1 drivers
L_0000020a47bda858 .functor BUFT 1, C4<0>, C4<0>, C4<0>, C4<0>;
v0000020a47bd4260_0 .net *"_ivl_48", 0 0, L_0000020a47bda858;  1 drivers
v0000020a47bd5d40_0 .net *"_ivl_52", 13 0, L_0000020a47c32ad0;  1 drivers
v0000020a47bd5ca0_0 .net *"_ivl_54", 10 0, L_0000020a47c32a30;  1 drivers
L_0000020a47bda8a0 .functor BUFT 1, C4<000>, C4<0>, C4<0>, C4<0>;
v0000020a47bd5340_0 .net *"_ivl_56", 2 0, L_0000020a47bda8a0;  1 drivers
v0000020a47bd46c0_0 .net *"_ivl_58", 13 0, L_0000020a47c37c70;  1 drivers
v0000020a47bd5fc0_0 .net *"_ivl_60", 12 0, L_0000020a47c32d50;  1 drivers
L_0000020a47bda8e8 .functor BUFT 1, C4<0>, C4<0>, C4<0>, C4<0>;
v0000020a47bd5520_0 .net *"_ivl_62", 0 0, L_0000020a47bda8e8;  1 drivers
L_0000020a47bda930 .functor BUFT 1, C4<0000000000>, C4<0>, C4<0>, C4<0>;
v0000020a47bd4120_0 .net/2u *"_ivl_66", 9 0, L_0000020a47bda930;  1 drivers
v0000020a47bd5160_0 .net *"_ivl_68", 13 0, L_0000020a47c36910;  1 drivers
v0000020a47bd5980_0 .net *"_ivl_70", 13 0, L_0000020a47c37450;  1 drivers
v0000020a47bd5660_0 .net *"_ivl_72", 10 0, L_0000020a47c36b90;  1 drivers
L_0000020a47bda978 .functor BUFT 1, C4<000>, C4<0>, C4<0>, C4<0>;
v0000020a47bd49e0_0 .net *"_ivl_74", 2 0, L_0000020a47bda978;  1 drivers
L_0000020a47bda9c0 .functor BUFT 1, C4<0000000000>, C4<0>, C4<0>, C4<0>;
v0000020a47bd4e40_0 .net/2u *"_ivl_76", 9 0, L_0000020a47bda9c0;  1 drivers
v0000020a47bd5c00_0 .net *"_ivl_78", 13 0, L_0000020a47c362d0;  1 drivers
L_0000020a47bda660 .functor BUFT 1, C4<0000000000>, C4<0>, C4<0>, C4<0>;
v0000020a47bd5700_0 .net/2u *"_ivl_8", 9 0, L_0000020a47bda660;  1 drivers
v0000020a47bd5de0_0 .net *"_ivl_80", 13 0, L_0000020a47c379f0;  1 drivers
v0000020a47bd5e80_0 .net *"_ivl_82", 12 0, L_0000020a47c36690;  1 drivers
L_0000020a47bdaa08 .functor BUFT 1, C4<0>, C4<0>, C4<0>, C4<0>;
v0000020a47bd4ee0_0 .net *"_ivl_84", 0 0, L_0000020a47bdaa08;  1 drivers
v0000020a47bd41c0_0 .net *"_ivl_88", 13 0, L_0000020a47c36190;  1 drivers
v0000020a47bd48a0_0 .net *"_ivl_90", 10 0, L_0000020a47c36cd0;  1 drivers
L_0000020a47bdaa50 .functor BUFT 1, C4<000>, C4<0>, C4<0>, C4<0>;
v0000020a47bd4300_0 .net *"_ivl_92", 2 0, L_0000020a47bdaa50;  1 drivers
v0000020a47bd5a20_0 .net *"_ivl_94", 13 0, L_0000020a47c37310;  1 drivers
v0000020a47bd4c60_0 .net *"_ivl_96", 12 0, L_0000020a47c37270;  1 drivers
L_0000020a47bdaa98 .functor BUFT 1, C4<0>, C4<0>, C4<0>, C4<0>;
v0000020a47bd43a0_0 .net *"_ivl_98", 0 0, L_0000020a47bdaa98;  1 drivers
v0000020a47bd4620_0 .net "centenas", 3 0, L_0000020a47c34010;  1 drivers
v0000020a47bd5b60_0 .net "decenas", 3 0, L_0000020a47c32c10;  1 drivers
v0000020a47bd5ac0_0 .net "miles", 3 0, L_0000020a47c32350;  1 drivers
v0000020a47bd57a0_0 .net "mult_10", 13 0, L_0000020a47c322b0;  1 drivers
v0000020a47bd4f80_0 .net "mult_100", 13 0, L_0000020a47c37130;  1 drivers
v0000020a47bd4bc0_0 .net "mult_1000", 13 0, L_0000020a47c36f50;  1 drivers
v0000020a47bd5840_0 .net "num_BCD", 15 0, L_0000020a47bd9cc0;  alias, 1 drivers
v0000020a47bd58e0_0 .net "num_bin", 13 0, L_0000020a47c37090;  alias, 1 drivers
v0000020a47bd5f20_0 .net "temp_centenas", 13 0, L_0000020a47c32850;  1 drivers
v0000020a47bd4440_0 .net "temp_miles1", 13 0, L_0000020a47c37590;  1 drivers
v0000020a47bd4760_0 .net "temp_miles2", 13 0, L_0000020a47c37f90;  1 drivers
v0000020a47bd44e0_0 .net "unidades", 3 0, L_0000020a47c33890;  1 drivers
L_0000020a47c33890 .part L_0000020a47bd9cc0, 0, 4;
L_0000020a47c32c10 .part L_0000020a47bd9cc0, 4, 4;
L_0000020a47c34010 .part L_0000020a47bd9cc0, 8, 4;
L_0000020a47c32350 .part L_0000020a47bd9cc0, 12, 4;
L_0000020a47c33c50 .concat [ 4 10 0 0], L_0000020a47c32c10, L_0000020a47bda660;
L_0000020a47c32670 .part L_0000020a47c33c50, 0, 11;
L_0000020a47c32990 .concat [ 3 11 0 0], L_0000020a47bda6a8, L_0000020a47c32670;
L_0000020a47c32710 .concat [ 4 10 0 0], L_0000020a47c32c10, L_0000020a47bda6f0;
L_0000020a47c33d90 .part L_0000020a47c32710, 0, 13;
L_0000020a47c32170 .concat [ 1 13 0 0], L_0000020a47bda738, L_0000020a47c33d90;
L_0000020a47c322b0 .arith/sum 14, L_0000020a47c32990, L_0000020a47c32170;
L_0000020a47c33e30 .concat [ 4 10 0 0], L_0000020a47c34010, L_0000020a47bda780;
L_0000020a47c33ed0 .part L_0000020a47c33e30, 0, 11;
L_0000020a47c323f0 .concat [ 3 11 0 0], L_0000020a47bda7c8, L_0000020a47c33ed0;
L_0000020a47c32530 .concat [ 4 10 0 0], L_0000020a47c34010, L_0000020a47bda810;
L_0000020a47c327b0 .part L_0000020a47c32530, 0, 13;
L_0000020a47c32cb0 .concat [ 1 13 0 0], L_0000020a47bda858, L_0000020a47c327b0;
L_0000020a47c32850 .arith/sum 14, L_0000020a47c323f0, L_0000020a47c32cb0;
L_0000020a47c32a30 .part L_0000020a47c32850, 0, 11;
L_0000020a47c32ad0 .concat [ 3 11 0 0], L_0000020a47bda8a0, L_0000020a47c32a30;
L_0000020a47c32d50 .part L_0000020a47c32850, 0, 13;
L_0000020a47c37c70 .concat [ 1 13 0 0], L_0000020a47bda8e8, L_0000020a47c32d50;
L_0000020a47c37130 .arith/sum 14, L_0000020a47c32ad0, L_0000020a47c37c70;
L_0000020a47c36910 .concat [ 4 10 0 0], L_0000020a47c32350, L_0000020a47bda930;
L_0000020a47c36b90 .part L_0000020a47c36910, 0, 11;
L_0000020a47c37450 .concat [ 3 11 0 0], L_0000020a47bda978, L_0000020a47c36b90;
L_0000020a47c362d0 .concat [ 4 10 0 0], L_0000020a47c32350, L_0000020a47bda9c0;
L_0000020a47c36690 .part L_0000020a47c362d0, 0, 13;
L_0000020a47c379f0 .concat [ 1 13 0 0], L_0000020a47bdaa08, L_0000020a47c36690;
L_0000020a47c37590 .arith/sum 14, L_0000020a47c37450, L_0000020a47c379f0;
L_0000020a47c36cd0 .part L_0000020a47c37590, 0, 11;
L_0000020a47c36190 .concat [ 3 11 0 0], L_0000020a47bdaa50, L_0000020a47c36cd0;
L_0000020a47c37270 .part L_0000020a47c37590, 0, 13;
L_0000020a47c37310 .concat [ 1 13 0 0], L_0000020a47bdaa98, L_0000020a47c37270;
L_0000020a47c37f90 .arith/sum 14, L_0000020a47c36190, L_0000020a47c37310;
L_0000020a47c365f0 .part L_0000020a47c37f90, 0, 11;
L_0000020a47c36af0 .concat [ 3 11 0 0], L_0000020a47bdaae0, L_0000020a47c365f0;
L_0000020a47c36730 .part L_0000020a47c37f90, 0, 13;
L_0000020a47c36550 .concat [ 1 13 0 0], L_0000020a47bdab28, L_0000020a47c36730;
L_0000020a47c36f50 .arith/sum 14, L_0000020a47c36af0, L_0000020a47c36550;
L_0000020a47c36ff0 .concat [ 4 10 0 0], L_0000020a47c33890, L_0000020a47bdab70;
L_0000020a47c378b0 .arith/sum 14, L_0000020a47c36ff0, L_0000020a47c322b0;
L_0000020a47c37a90 .arith/sum 14, L_0000020a47c378b0, L_0000020a47c37130;
L_0000020a47c37090 .arith/sum 14, L_0000020a47c37a90, L_0000020a47c36f50;
S_0000020a47b13c00 .scope module, "mem_inst" "fsm_memory" 4 70, 7 1 0, S_0000020a47b385e0;
 .timescale 0 0;
    .port_info 0 /INPUT 1 "clk";
    .port_info 1 /INPUT 1 "rst_n";
    .port_info 2 /INPUT 1 "is_num";
    .port_info 3 /INPUT 1 "is_op1";
    .port_info 4 /INPUT 1 "is_op2";
    .port_info 5 /INPUT 1 "save";
    .port_info 6 /INPUT 4 "num_val";
    .port_info 7 /INPUT 4 "res_d0";
    .port_info 8 /INPUT 4 "res_d1";
    .port_info 9 /INPUT 4 "res_d2";
    .port_info 10 /INPUT 4 "res_d3";
    .port_info 11 /OUTPUT 2 "cnt";
    .port_info 12 /OUTPUT 1 "block";
    .port_info 13 /OUTPUT 4 "op1_d0";
    .port_info 14 /OUTPUT 4 "op1_d1";
    .port_info 15 /OUTPUT 4 "op1_d2";
    .port_info 16 /OUTPUT 4 "op1_d3";
    .port_info 17 /OUTPUT 4 "op2_d0";
    .port_info 18 /OUTPUT 4 "op2_d1";
    .port_info 19 /OUTPUT 4 "op2_d2";
    .port_info 20 /OUTPUT 4 "op2_d3";
v0000020a47bd4580_0 .var "block", 0 0;
v0000020a47bd4800_0 .net "clk", 0 0, v0000020a47bd9b80_0;  alias, 1 drivers
v0000020a47bd4940_0 .var "cnt", 1 0;
v0000020a47bd4a80_0 .var "cnt_op1", 1 0;
v0000020a47bd4b20_0 .var "cnt_op2", 1 0;
v0000020a47bd4da0_0 .net "is_num", 0 0, v0000020a47bd9a40_0;  alias, 1 drivers
v0000020a47bd5020_0 .net "is_op1", 0 0, v0000020a47bd9900_0;  alias, 1 drivers
v0000020a47bd50c0_0 .net "is_op2", 0 0, v0000020a47bd9540_0;  alias, 1 drivers
v0000020a47bd5200_0 .net "num_val", 3 0, v0000020a47bd8820_0;  alias, 1 drivers
v0000020a47bd52a0_0 .var "op1_d0", 3 0;
v0000020a47bd7530_0 .var "op1_d1", 3 0;
v0000020a47bd77b0_0 .var "op1_d2", 3 0;
v0000020a47bd6810_0 .var "op1_d3", 3 0;
v0000020a47bd7210_0 .var "op2_d0", 3 0;
v0000020a47bd6e50_0 .var "op2_d1", 3 0;
v0000020a47bd7e90_0 .var "op2_d2", 3 0;
v0000020a47bd6ef0_0 .var "op2_d3", 3 0;
v0000020a47bd7f30_0 .var "prev_is_op1", 0 0;
v0000020a47bd7850_0 .var "prev_is_op2", 0 0;
v0000020a47bd6a90_0 .net "res_d0", 3 0, v0000020a47bd7cb0_0;  alias, 1 drivers
v0000020a47bd78f0_0 .net "res_d1", 3 0, v0000020a47bd7df0_0;  alias, 1 drivers
v0000020a47bd69f0_0 .net "res_d2", 3 0, v0000020a47bd61d0_0;  alias, 1 drivers
v0000020a47bd7350_0 .net "res_d3", 3 0, v0000020a47bd7ad0_0;  alias, 1 drivers
v0000020a47bd6b30_0 .net "rst_n", 0 0, v0000020a47bd95e0_0;  alias, 1 drivers
v0000020a47bd7d50_0 .net "save", 0 0, v0000020a47bd8f00_0;  alias, 1 drivers
E_0000020a47b58840/0 .event negedge, v0000020a47bd6b30_0;
E_0000020a47b58840/1 .event posedge, v0000020a47bd4800_0;
E_0000020a47b58840 .event/or E_0000020a47b58840/0, E_0000020a47b58840/1;
S_0000020a47b13d90 .scope module, "mux_bcd_inst" "mux_and_bcd_converter" 4 57, 8 1 0, S_0000020a47b385e0;
 .timescale 0 0;
    .port_info 0 /INPUT 14 "res_suma_bin";
    .port_info 1 /INPUT 14 "res_resta_bin";
    .port_info 2 /INPUT 1 "operator";
    .port_info 3 /INPUT 1 "is_res";
    .port_info 4 /OUTPUT 16 "result_bcd";
    .port_info 5 /OUTPUT 4 "res_d3";
    .port_info 6 /OUTPUT 4 "res_d2";
    .port_info 7 /OUTPUT 4 "res_d1";
    .port_info 8 /OUTPUT 4 "res_d0";
L_0000020a47b57590 .functor BUFZ 16, v0000020a47bd68b0_0, C4<0000000000000000>, C4<0000000000000000>, C4<0000000000000000>;
L_0000020a47bdacd8 .functor BUFT 1, C4<0000000000000000>, C4<0>, C4<0>, C4<0>;
v0000020a47bd6c70_0 .net/2u *"_ivl_4", 15 0, L_0000020a47bdacd8;  1 drivers
v0000020a47bd6130_0 .net "is_res", 0 0, v0000020a47bd8f00_0;  alias, 1 drivers
v0000020a47bd72b0_0 .net "muxed_bcd_out", 15 0, L_0000020a47c37e50;  1 drivers
v0000020a47bd6f90_0 .net "operator", 0 0, L_0000020a47c369b0;  1 drivers
v0000020a47bd7c10_0 .net "raw_bcd_result", 15 0, v0000020a47bd68b0_0;  1 drivers
v0000020a47bd7cb0_0 .var "res_d0", 3 0;
v0000020a47bd7df0_0 .var "res_d1", 3 0;
v0000020a47bd61d0_0 .var "res_d2", 3 0;
v0000020a47bd7ad0_0 .var "res_d3", 3 0;
v0000020a47bd6d10_0 .net "res_resta_bin", 13 0, v0000020a47bd1780_0;  alias, 1 drivers
v0000020a47bd6db0_0 .net "res_suma_bin", 13 0, v0000020a47bd13c0_0;  alias, 1 drivers
v0000020a47bd7030_0 .net "result_bcd", 15 0, L_0000020a47b57590;  alias, 1 drivers
v0000020a47bd6270_0 .net "selected_result", 13 0, L_0000020a47c371d0;  1 drivers
E_0000020a47b58b00 .event anyedge, v0000020a47bd72b0_0;
L_0000020a47c371d0 .functor MUXZ 14, v0000020a47bd1780_0, v0000020a47bd13c0_0, L_0000020a47c369b0, C4<>;
L_0000020a47c37e50 .functor MUXZ 16, L_0000020a47bdacd8, v0000020a47bd68b0_0, v0000020a47bd8f00_0, C4<>;
S_0000020a47ad24d0 .scope module, "bcd_converter" "bin_BCD" 8 19, 9 19 0, S_0000020a47b13d90;
 .timescale 0 0;
    .port_info 0 /INPUT 14 "num_bin";
    .port_info 1 /OUTPUT 16 "num_BCD";
v0000020a47bd6bd0_0 .var/i "i", 31 0;
v0000020a47bd68b0_0 .var "num_BCD", 15 0;
v0000020a47bd6950_0 .net "num_bin", 13 0, L_0000020a47c371d0;  alias, 1 drivers
v0000020a47bd7710_0 .var "shift_reg", 29 0;
E_0000020a47b59000 .event anyedge, v0000020a47bd6950_0, v0000020a47bd7710_0;
    .scope S_0000020a47b38770;
T_0 ;
    %wait E_0000020a47b58680;
    %pushi/vec4 0, 0, 1;
    %store/vec4 v0000020a47bd0380_0, 0, 1;
    %pushi/vec4 0, 0, 1;
    %store/vec4 v0000020a47bd0920_0, 0, 1;
    %pushi/vec4 0, 0, 14;
    %store/vec4 v0000020a47bd13c0_0, 0, 14;
    %pushi/vec4 0, 0, 14;
    %store/vec4 v0000020a47bd1780_0, 0, 14;
    %load/vec4 v0000020a47bd01a0_0;
    %cmpi/u 9999, 0, 15;
    %flag_or 5, 4; GT is !LE
    %flag_inv 5;
    %jmp/0xz  T_0.0, 5;
    %pushi/vec4 1, 0, 1;
    %store/vec4 v0000020a47bd0380_0, 0, 1;
    %pushi/vec4 0, 0, 14;
    %store/vec4 v0000020a47bd13c0_0, 0, 14;
    %jmp T_0.1;
T_0.0 ;
    %load/vec4 v0000020a47bd01a0_0;
    %parti/s 14, 0, 2;
    %store/vec4 v0000020a47bd13c0_0, 0, 14;
T_0.1 ;
    %load/vec4 v0000020a47bd04c0_0;
    %parti/s 1, 14, 5;
    %cmpi/e 1, 0, 1;
    %jmp/0xz  T_0.2, 4;
    %pushi/vec4 1, 0, 1;
    %store/vec4 v0000020a47bd0920_0, 0, 1;
    %pushi/vec4 0, 0, 14;
    %store/vec4 v0000020a47bd1780_0, 0, 14;
    %jmp T_0.3;
T_0.2 ;
    %load/vec4 v0000020a47bd04c0_0;
    %parti/s 14, 0, 2;
    %store/vec4 v0000020a47bd1780_0, 0, 14;
T_0.3 ;
    %jmp T_0;
    .thread T_0, $push;
    .scope S_0000020a47ad24d0;
T_1 ;
    %wait E_0000020a47b59000;
    %pushi/vec4 0, 0, 30;
    %store/vec4 v0000020a47bd7710_0, 0, 30;
    %load/vec4 v0000020a47bd6950_0;
    %ix/load 4, 0, 0;
    %flag_set/imm 4, 0;
    %store/vec4 v0000020a47bd7710_0, 4, 14;
    %pushi/vec4 13, 0, 32;
    %store/vec4 v0000020a47bd6bd0_0, 0, 32;
T_1.0 ;
    %load/vec4 v0000020a47bd6bd0_0;
    %cmpi/s 0, 0, 32;
    %flag_inv 5; GE is !LT
    %jmp/0xz T_1.1, 5;
    %load/vec4 v0000020a47bd7710_0;
    %parti/s 4, 14, 5;
    %pad/u 32;
    %cmpi/u 5, 0, 32;
    %flag_inv 5; GE is !LT
    %jmp/0xz  T_1.2, 5;
    %load/vec4 v0000020a47bd7710_0;
    %parti/s 4, 14, 5;
    %addi 3, 0, 4;
    %ix/load 4, 14, 0;
    %flag_set/imm 4, 0;
    %store/vec4 v0000020a47bd7710_0, 4, 4;
T_1.2 ;
    %load/vec4 v0000020a47bd7710_0;
    %parti/s 4, 18, 6;
    %pad/u 32;
    %cmpi/u 5, 0, 32;
    %flag_inv 5; GE is !LT
    %jmp/0xz  T_1.4, 5;
    %load/vec4 v0000020a47bd7710_0;
    %parti/s 4, 18, 6;
    %addi 3, 0, 4;
    %ix/load 4, 18, 0;
    %flag_set/imm 4, 0;
    %store/vec4 v0000020a47bd7710_0, 4, 4;
T_1.4 ;
    %load/vec4 v0000020a47bd7710_0;
    %parti/s 4, 22, 6;
    %pad/u 32;
    %cmpi/u 5, 0, 32;
    %flag_inv 5; GE is !LT
    %jmp/0xz  T_1.6, 5;
    %load/vec4 v0000020a47bd7710_0;
    %parti/s 4, 22, 6;
    %addi 3, 0, 4;
    %ix/load 4, 22, 0;
    %flag_set/imm 4, 0;
    %store/vec4 v0000020a47bd7710_0, 4, 4;
T_1.6 ;
    %load/vec4 v0000020a47bd7710_0;
    %parti/s 4, 26, 6;
    %pad/u 32;
    %cmpi/u 5, 0, 32;
    %flag_inv 5; GE is !LT
    %jmp/0xz  T_1.8, 5;
    %load/vec4 v0000020a47bd7710_0;
    %parti/s 4, 26, 6;
    %addi 3, 0, 4;
    %ix/load 4, 26, 0;
    %flag_set/imm 4, 0;
    %store/vec4 v0000020a47bd7710_0, 4, 4;
T_1.8 ;
    %load/vec4 v0000020a47bd7710_0;
    %ix/load 4, 1, 0;
    %flag_set/imm 4, 0;
    %shiftl 4;
    %store/vec4 v0000020a47bd7710_0, 0, 30;
    %load/vec4 v0000020a47bd6bd0_0;
    %subi 1, 0, 32;
    %store/vec4 v0000020a47bd6bd0_0, 0, 32;
    %jmp T_1.0;
T_1.1 ;
    %load/vec4 v0000020a47bd7710_0;
    %parti/s 16, 14, 5;
    %store/vec4 v0000020a47bd68b0_0, 0, 16;
    %jmp T_1;
    .thread T_1, $push;
    .scope S_0000020a47b13d90;
T_2 ;
    %wait E_0000020a47b58b00;
    %load/vec4 v0000020a47bd72b0_0;
    %parti/s 4, 12, 5;
    %store/vec4 v0000020a47bd7ad0_0, 0, 4;
    %load/vec4 v0000020a47bd72b0_0;
    %parti/s 4, 8, 5;
    %store/vec4 v0000020a47bd61d0_0, 0, 4;
    %load/vec4 v0000020a47bd72b0_0;
    %parti/s 4, 4, 4;
    %store/vec4 v0000020a47bd7df0_0, 0, 4;
    %load/vec4 v0000020a47bd72b0_0;
    %parti/s 4, 0, 2;
    %store/vec4 v0000020a47bd7cb0_0, 0, 4;
    %jmp T_2;
    .thread T_2, $push;
    .scope S_0000020a47b13c00;
T_3 ;
    %pushi/vec4 0, 0, 1;
    %store/vec4 v0000020a47bd7f30_0, 0, 1;
    %pushi/vec4 0, 0, 1;
    %store/vec4 v0000020a47bd7850_0, 0, 1;
    %pushi/vec4 0, 0, 2;
    %store/vec4 v0000020a47bd4a80_0, 0, 2;
    %pushi/vec4 0, 0, 2;
    %store/vec4 v0000020a47bd4b20_0, 0, 2;
    %end;
    .thread T_3, $init;
    .scope S_0000020a47b13c00;
T_4 ;
    %wait E_0000020a47b58840;
    %load/vec4 v0000020a47bd6b30_0;
    %nor/r;
    %flag_set/vec4 8;
    %jmp/0xz  T_4.0, 8;
    %pushi/vec4 0, 0, 4;
    %assign/vec4 v0000020a47bd52a0_0, 0;
    %pushi/vec4 0, 0, 4;
    %assign/vec4 v0000020a47bd7530_0, 0;
    %pushi/vec4 0, 0, 4;
    %assign/vec4 v0000020a47bd77b0_0, 0;
    %pushi/vec4 0, 0, 4;
    %assign/vec4 v0000020a47bd6810_0, 0;
    %pushi/vec4 0, 0, 4;
    %assign/vec4 v0000020a47bd7210_0, 0;
    %pushi/vec4 0, 0, 4;
    %assign/vec4 v0000020a47bd6e50_0, 0;
    %pushi/vec4 0, 0, 4;
    %assign/vec4 v0000020a47bd7e90_0, 0;
    %pushi/vec4 0, 0, 4;
    %assign/vec4 v0000020a47bd6ef0_0, 0;
    %pushi/vec4 0, 0, 2;
    %assign/vec4 v0000020a47bd4a80_0, 0;
    %pushi/vec4 0, 0, 2;
    %assign/vec4 v0000020a47bd4b20_0, 0;
    %pushi/vec4 0, 0, 2;
    %assign/vec4 v0000020a47bd4940_0, 0;
    %pushi/vec4 0, 0, 1;
    %assign/vec4 v0000020a47bd4580_0, 0;
    %pushi/vec4 0, 0, 1;
    %assign/vec4 v0000020a47bd7f30_0, 0;
    %pushi/vec4 0, 0, 1;
    %assign/vec4 v0000020a47bd7850_0, 0;
    %jmp T_4.1;
T_4.0 ;
    %load/vec4 v0000020a47bd7d50_0;
    %flag_set/vec4 8;
    %jmp/0xz  T_4.2, 8;
    %load/vec4 v0000020a47bd6a90_0;
    %assign/vec4 v0000020a47bd52a0_0, 0;
    %load/vec4 v0000020a47bd78f0_0;
    %assign/vec4 v0000020a47bd7530_0, 0;
    %load/vec4 v0000020a47bd69f0_0;
    %assign/vec4 v0000020a47bd77b0_0, 0;
    %load/vec4 v0000020a47bd7350_0;
    %assign/vec4 v0000020a47bd6810_0, 0;
    %pushi/vec4 3, 0, 2;
    %assign/vec4 v0000020a47bd4a80_0, 0;
    %pushi/vec4 3, 0, 2;
    %assign/vec4 v0000020a47bd4940_0, 0;
    %pushi/vec4 1, 0, 1;
    %assign/vec4 v0000020a47bd4580_0, 0;
    %jmp T_4.3;
T_4.2 ;
    %load/vec4 v0000020a47bd5020_0;
    %flag_set/vec4 9;
    %flag_get/vec4 9;
    %jmp/0 T_4.6, 9;
    %load/vec4 v0000020a47bd7f30_0;
    %nor/r;
    %and;
T_4.6;
    %flag_set/vec4 8;
    %jmp/0xz  T_4.4, 8;
    %pushi/vec4 0, 0, 4;
    %assign/vec4 v0000020a47bd52a0_0, 0;
    %pushi/vec4 0, 0, 4;
    %assign/vec4 v0000020a47bd7530_0, 0;
    %pushi/vec4 0, 0, 4;
    %assign/vec4 v0000020a47bd77b0_0, 0;
    %pushi/vec4 0, 0, 4;
    %assign/vec4 v0000020a47bd6810_0, 0;
    %pushi/vec4 0, 0, 2;
    %assign/vec4 v0000020a47bd4a80_0, 0;
    %pushi/vec4 0, 0, 1;
    %assign/vec4 v0000020a47bd4580_0, 0;
T_4.4 ;
    %load/vec4 v0000020a47bd50c0_0;
    %flag_set/vec4 9;
    %flag_get/vec4 9;
    %jmp/0 T_4.9, 9;
    %load/vec4 v0000020a47bd7850_0;
    %nor/r;
    %and;
T_4.9;
    %flag_set/vec4 8;
    %jmp/0xz  T_4.7, 8;
    %pushi/vec4 0, 0, 4;
    %assign/vec4 v0000020a47bd7210_0, 0;
    %pushi/vec4 0, 0, 4;
    %assign/vec4 v0000020a47bd6e50_0, 0;
    %pushi/vec4 0, 0, 4;
    %assign/vec4 v0000020a47bd7e90_0, 0;
    %pushi/vec4 0, 0, 4;
    %assign/vec4 v0000020a47bd6ef0_0, 0;
    %pushi/vec4 0, 0, 2;
    %assign/vec4 v0000020a47bd4b20_0, 0;
    %pushi/vec4 0, 0, 1;
    %assign/vec4 v0000020a47bd4580_0, 0;
T_4.7 ;
    %load/vec4 v0000020a47bd4da0_0;
    %flag_set/vec4 8;
    %jmp/0xz  T_4.10, 8;
    %load/vec4 v0000020a47bd5020_0;
    %flag_set/vec4 9;
    %flag_get/vec4 9;
    %jmp/0 T_4.14, 9;
    %load/vec4 v0000020a47bd4580_0;
    %nor/r;
    %and;
T_4.14;
    %flag_set/vec4 8;
    %jmp/0xz  T_4.12, 8;
    %load/vec4 v0000020a47bd4a80_0;
    %dup/vec4;
    %pushi/vec4 0, 0, 2;
    %cmp/u;
    %jmp/1 T_4.15, 6;
    %dup/vec4;
    %pushi/vec4 1, 0, 2;
    %cmp/u;
    %jmp/1 T_4.16, 6;
    %dup/vec4;
    %pushi/vec4 2, 0, 2;
    %cmp/u;
    %jmp/1 T_4.17, 6;
    %dup/vec4;
    %pushi/vec4 3, 0, 2;
    %cmp/u;
    %jmp/1 T_4.18, 6;
    %jmp T_4.19;
T_4.15 ;
    %load/vec4 v0000020a47bd5200_0;
    %assign/vec4 v0000020a47bd52a0_0, 0;
    %jmp T_4.19;
T_4.16 ;
    %load/vec4 v0000020a47bd5200_0;
    %assign/vec4 v0000020a47bd7530_0, 0;
    %jmp T_4.19;
T_4.17 ;
    %load/vec4 v0000020a47bd5200_0;
    %assign/vec4 v0000020a47bd77b0_0, 0;
    %jmp T_4.19;
T_4.18 ;
    %load/vec4 v0000020a47bd5200_0;
    %assign/vec4 v0000020a47bd6810_0, 0;
    %jmp T_4.19;
T_4.19 ;
    %pop/vec4 1;
    %load/vec4 v0000020a47bd4a80_0;
    %pad/u 32;
    %cmpi/u 3, 0, 32;
    %jmp/0xz  T_4.20, 5;
    %load/vec4 v0000020a47bd4a80_0;
    %addi 1, 0, 2;
    %assign/vec4 v0000020a47bd4a80_0, 0;
T_4.20 ;
    %load/vec4 v0000020a47bd4a80_0;
    %pad/u 32;
    %cmpi/e 3, 0, 32;
    %jmp/0xz  T_4.22, 4;
    %pushi/vec4 1, 0, 1;
    %assign/vec4 v0000020a47bd4580_0, 0;
T_4.22 ;
    %load/vec4 v0000020a47bd4a80_0;
    %assign/vec4 v0000020a47bd4940_0, 0;
    %jmp T_4.13;
T_4.12 ;
    %load/vec4 v0000020a47bd50c0_0;
    %flag_set/vec4 9;
    %flag_get/vec4 9;
    %jmp/0 T_4.26, 9;
    %load/vec4 v0000020a47bd4580_0;
    %nor/r;
    %and;
T_4.26;
    %flag_set/vec4 8;
    %jmp/0xz  T_4.24, 8;
    %load/vec4 v0000020a47bd4b20_0;
    %dup/vec4;
    %pushi/vec4 0, 0, 2;
    %cmp/u;
    %jmp/1 T_4.27, 6;
    %dup/vec4;
    %pushi/vec4 1, 0, 2;
    %cmp/u;
    %jmp/1 T_4.28, 6;
    %dup/vec4;
    %pushi/vec4 2, 0, 2;
    %cmp/u;
    %jmp/1 T_4.29, 6;
    %dup/vec4;
    %pushi/vec4 3, 0, 2;
    %cmp/u;
    %jmp/1 T_4.30, 6;
    %jmp T_4.31;
T_4.27 ;
    %load/vec4 v0000020a47bd5200_0;
    %assign/vec4 v0000020a47bd7210_0, 0;
    %jmp T_4.31;
T_4.28 ;
    %load/vec4 v0000020a47bd5200_0;
    %assign/vec4 v0000020a47bd6e50_0, 0;
    %jmp T_4.31;
T_4.29 ;
    %load/vec4 v0000020a47bd5200_0;
    %assign/vec4 v0000020a47bd7e90_0, 0;
    %jmp T_4.31;
T_4.30 ;
    %load/vec4 v0000020a47bd5200_0;
    %assign/vec4 v0000020a47bd6ef0_0, 0;
    %jmp T_4.31;
T_4.31 ;
    %pop/vec4 1;
    %load/vec4 v0000020a47bd4b20_0;
    %pad/u 32;
    %cmpi/u 3, 0, 32;
    %jmp/0xz  T_4.32, 5;
    %load/vec4 v0000020a47bd4b20_0;
    %addi 1, 0, 2;
    %assign/vec4 v0000020a47bd4b20_0, 0;
T_4.32 ;
    %load/vec4 v0000020a47bd4b20_0;
    %pad/u 32;
    %cmpi/e 3, 0, 32;
    %jmp/0xz  T_4.34, 4;
    %pushi/vec4 1, 0, 1;
    %assign/vec4 v0000020a47bd4580_0, 0;
T_4.34 ;
    %load/vec4 v0000020a47bd4b20_0;
    %assign/vec4 v0000020a47bd4940_0, 0;
T_4.24 ;
T_4.13 ;
T_4.10 ;
T_4.3 ;
    %load/vec4 v0000020a47bd5020_0;
    %assign/vec4 v0000020a47bd7f30_0, 0;
    %load/vec4 v0000020a47bd50c0_0;
    %assign/vec4 v0000020a47bd7850_0, 0;
T_4.1 ;
    %jmp T_4;
    .thread T_4;
    .scope S_0000020a47b2ce90;
T_5 ;
    %pushi/vec4 0, 0, 1;
    %store/vec4 v0000020a47bd9b80_0, 0, 1;
    %pushi/vec4 0, 0, 1;
    %store/vec4 v0000020a47bd95e0_0, 0, 1;
    %pushi/vec4 0, 0, 1;
    %store/vec4 v0000020a47bd9a40_0, 0, 1;
    %pushi/vec4 0, 0, 1;
    %store/vec4 v0000020a47bd9900_0, 0, 1;
    %pushi/vec4 0, 0, 1;
    %store/vec4 v0000020a47bd9540_0, 0, 1;
    %pushi/vec4 0, 0, 4;
    %store/vec4 v0000020a47bd8820_0, 0, 4;
    %pushi/vec4 13, 0, 4;
    %store/vec4 v0000020a47bd9c20_0, 0, 4;
    %pushi/vec4 0, 0, 1;
    %store/vec4 v0000020a47bd8f00_0, 0, 1;
    %end;
    .thread T_5, $init;
    .scope S_0000020a47b2ce90;
T_6 ;
    %delay 5000, 0;
    %load/vec4 v0000020a47bd9b80_0;
    %inv;
    %store/vec4 v0000020a47bd9b80_0, 0, 1;
    %jmp T_6;
    .thread T_6;
    .scope S_0000020a47b2ce90;
T_7 ;
    %vpi_call/w 3 40 "$dumpfile", "tb_top.vcd" {0 0 0};
    %vpi_call/w 3 41 "$dumpvars", 32'sb00000000000000000000000000000000, S_0000020a47b2ce90 {0 0 0};
    %pushi/vec4 0, 0, 1;
    %store/vec4 v0000020a47bd95e0_0, 0, 1;
    %delay 20000, 0;
    %pushi/vec4 1, 0, 1;
    %store/vec4 v0000020a47bd95e0_0, 0, 1;
    %pushi/vec4 1, 0, 1;
    %store/vec4 v0000020a47bd9900_0, 0, 1;
    %pushi/vec4 0, 0, 1;
    %store/vec4 v0000020a47bd9540_0, 0, 1;
    %pushi/vec4 1, 0, 1;
    %store/vec4 v0000020a47bd9a40_0, 0, 1;
    %pushi/vec4 1, 0, 4;
    %store/vec4 v0000020a47bd8820_0, 0, 4;
    %delay 10000, 0;
    %pushi/vec4 2, 0, 4;
    %store/vec4 v0000020a47bd8820_0, 0, 4;
    %delay 10000, 0;
    %pushi/vec4 3, 0, 4;
    %store/vec4 v0000020a47bd8820_0, 0, 4;
    %delay 10000, 0;
    %pushi/vec4 4, 0, 4;
    %store/vec4 v0000020a47bd8820_0, 0, 4;
    %delay 10000, 0;
    %pushi/vec4 0, 0, 1;
    %store/vec4 v0000020a47bd9a40_0, 0, 1;
    %pushi/vec4 0, 0, 1;
    %store/vec4 v0000020a47bd9900_0, 0, 1;
    %pushi/vec4 1, 0, 1;
    %store/vec4 v0000020a47bd9540_0, 0, 1;
    %pushi/vec4 1, 0, 1;
    %store/vec4 v0000020a47bd9a40_0, 0, 1;
    %pushi/vec4 5, 0, 4;
    %store/vec4 v0000020a47bd8820_0, 0, 4;
    %delay 10000, 0;
    %pushi/vec4 6, 0, 4;
    %store/vec4 v0000020a47bd8820_0, 0, 4;
    %delay 10000, 0;
    %pushi/vec4 7, 0, 4;
    %store/vec4 v0000020a47bd8820_0, 0, 4;
    %delay 10000, 0;
    %pushi/vec4 8, 0, 4;
    %store/vec4 v0000020a47bd8820_0, 0, 4;
    %delay 10000, 0;
    %pushi/vec4 0, 0, 1;
    %store/vec4 v0000020a47bd9a40_0, 0, 1;
    %pushi/vec4 14, 0, 4;
    %store/vec4 v0000020a47bd9c20_0, 0, 4;
    %pushi/vec4 1, 0, 1;
    %store/vec4 v0000020a47bd8f00_0, 0, 1;
    %delay 10000, 0;
    %pushi/vec4 0, 0, 1;
    %store/vec4 v0000020a47bd8f00_0, 0, 1;
    %pushi/vec4 1, 0, 1;
    %store/vec4 v0000020a47bd9900_0, 0, 1;
    %pushi/vec4 0, 0, 1;
    %store/vec4 v0000020a47bd9540_0, 0, 1;
    %pushi/vec4 1, 0, 1;
    %store/vec4 v0000020a47bd9a40_0, 0, 1;
    %pushi/vec4 5, 0, 4;
    %store/vec4 v0000020a47bd8820_0, 0, 4;
    %delay 10000, 0;
    %pushi/vec4 6, 0, 4;
    %store/vec4 v0000020a47bd8820_0, 0, 4;
    %delay 10000, 0;
    %pushi/vec4 7, 0, 4;
    %store/vec4 v0000020a47bd8820_0, 0, 4;
    %delay 10000, 0;
    %pushi/vec4 8, 0, 4;
    %store/vec4 v0000020a47bd8820_0, 0, 4;
    %delay 10000, 0;
    %pushi/vec4 0, 0, 1;
    %store/vec4 v0000020a47bd9a40_0, 0, 1;
    %delay 50000, 0;
    %vpi_call/w 3 84 "$finish" {0 0 0};
    %end;
    .thread T_7;
    .scope S_0000020a47b2ce90;
T_8 ;
    %vpi_call/w 3 89 "$monitor", "Time=%0t | op1_bin=%0d | op2_bin=%0d | alu_result_bcd=%h | f_OF=%b | f_sig_res=%b", $time, v0000020a47bd8280_0, v0000020a47bd9ae0_0, v0000020a47bd9360_0, v0000020a47bd8e60_0, v0000020a47bd8aa0_0 {0 0 0};
    %end;
    .thread T_8;
# The file index is used to find the file name in the following table.
:file_names 10;
    "N/A";
    "<interactive>";
    "-";
    "tb_top.v";
    "top.v";
    "alu_core.v";
    "BCD_bn.v";
    "fsm_memory.v";
    "mux_and_bcd_converter.v";
    "bin_BCD.v";
